<?xml version="1.0" encoding="UTF-8"?>
<!-- Generated by org.testng.reporters.JUnitReportReporter -->
<testsuite hostname="Dell" name="firstPractice.TC006_GET_Request" tests="1" failures="0" timestamp="15 Sep 2019 22:22:00 GMT" time="5.897" errors="0">
  <testcase name="captureValueofEachNode" time="5.897" classname="firstPractice.TC006_GET_Request"/>
</testsuite> <!-- firstPractice.TC006_GET_Request -->
