<?xml version="1.0" encoding="UTF-8"?>
<!-- Generated by org.testng.reporters.JUnitReportReporter -->
<testsuite hostname="Dell" name="firstPractice.TC002_POST_Request" tests="1" failures="0" timestamp="15 Sep 2019 17:48:52 GMT" time="5.425" errors="0">
  <testcase name="RegistrationSuccessful" time="5.425" classname="firstPractice.TC002_POST_Request"/>
</testsuite> <!-- firstPractice.TC002_POST_Request -->
