<?xml version="1.0" encoding="UTF-8"?>
<!-- Generated by org.testng.reporters.JUnitReportReporter -->
<testsuite hostname="Dell" name="firstPractice.TC001_GET_Response" tests="1" failures="0" timestamp="15 Sep 2019 17:11:20 GMT" time="4.795" errors="0">
  <testcase name="getWeatherCondition" time="4.795" classname="firstPractice.TC001_GET_Response"/>
</testsuite> <!-- firstPractice.TC001_GET_Response -->
