<?xml version="1.0" encoding="UTF-8"?>
<!-- Generated by org.testng.reporters.JUnitReportReporter -->
<testsuite hostname="Dell" name="firstPractice.TC003_GET_Request" tests="1" failures="0" timestamp="15 Sep 2019 18:32:22 GMT" time="5.070" errors="0">
  <testcase name="googleMapsValidateHeader" time="5.070" classname="firstPractice.TC003_GET_Request"/>
</testsuite> <!-- firstPractice.TC003_GET_Request -->
